<?xml version="1.0" encoding="UTF-8"?>
<testng-results ignored="0" total="3" passed="3" failed="0" skipped="0">
  <reporter-output>
  </reporter-output>
  <suite started-at="2021-06-16T15:34:57Z" name="All Test Suite" finished-at="2021-06-16T15:35:12Z" duration-ms="14257">
    <groups>
    </groups>
    <test started-at="2021-06-16T15:34:57Z" name="C:/Users/R/Documents/IdeaProjects/POM&amp;PageFactory" finished-at="2021-06-16T15:35:12Z" duration-ms="14257">
      <class name="CreateAccountTest">
        <test-method is-config="true" signature="setUp()[pri:0, instance:CreateAccountTest@3e92efc3]" started-at="2021-06-16T15:34:57Z" name="setUp" finished-at="2021-06-16T15:35:00Z" duration-ms="2632" status="PASS">
          <reporter-output>
          </reporter-output>
        </test-method> <!-- setUp -->
        <test-method is-config="true" signature="setUp()[pri:0, instance:LoginPageTest@1622f1b]" started-at="2021-06-16T15:35:00Z" name="setUp" finished-at="2021-06-16T15:35:02Z" duration-ms="1704" status="PASS">
          <reporter-output>
          </reporter-output>
        </test-method> <!-- setUp -->
        <test-method signature="test()[pri:0, instance:CreateAccountTest@3e92efc3]" started-at="2021-06-16T15:35:02Z" name="test" finished-at="2021-06-16T15:35:07Z" duration-ms="5101" status="PASS">
          <reporter-output>
          </reporter-output>
        </test-method> <!-- test -->
        <test-method is-config="true" signature="closeSite()[pri:0, instance:CreateAccountTest@3e92efc3]" started-at="2021-06-16T15:35:12Z" name="closeSite" finished-at="2021-06-16T15:35:12Z" duration-ms="0" status="PASS">
          <reporter-output>
          </reporter-output>
        </test-method> <!-- closeSite -->
        <test-method is-config="true" signature="closeSite()[pri:0, instance:LoginPageTest@1622f1b]" started-at="2021-06-16T15:35:12Z" name="closeSite" finished-at="2021-06-16T15:35:12Z" duration-ms="0" status="PASS">
          <reporter-output>
          </reporter-output>
        </test-method> <!-- closeSite -->
      </class> <!-- CreateAccountTest -->
      <class name="LoginPageTest">
        <test-method signature="test1_CorrectCredentials()[pri:0, instance:LoginPageTest@1622f1b]" started-at="2021-06-16T15:35:07Z" name="test1_CorrectCredentials" finished-at="2021-06-16T15:35:10Z" duration-ms="3161" status="PASS">
          <reporter-output>
          </reporter-output>
        </test-method> <!-- test1_CorrectCredentials -->
        <test-method signature="test2_IncorrectUserCredentials()[pri:0, instance:LoginPageTest@1622f1b]" started-at="2021-06-16T15:35:10Z" name="test2_IncorrectUserCredentials" finished-at="2021-06-16T15:35:12Z" duration-ms="1636" status="PASS">
          <reporter-output>
          </reporter-output>
        </test-method> <!-- test2_IncorrectUserCredentials -->
      </class> <!-- LoginPageTest -->
    </test> <!-- C:/Users/R/Documents/IdeaProjects/POM&PageFactory -->
  </suite> <!-- All Test Suite -->
</testng-results>
