<?xml version="1.0" encoding="UTF-8"?>
<testng-results ignored="0" total="13" passed="13" failed="0" skipped="0">
  <reporter-output>
  </reporter-output>
  <suite started-at="2021-06-11T19:23:22Z" name="All Test Suite" finished-at="2021-06-11T19:24:16Z" duration-ms="53622">
    <groups>
    </groups>
    <test started-at="2021-06-11T19:23:22Z" name="C:/Users/R/Documents/IdeaProjects/PracticeObjectModel" finished-at="2021-06-11T19:24:16Z" duration-ms="53622">
      <class name="CreateAccountTest">
        <test-method is-config="true" signature="setUp()[pri:0, instance:CreateAccountTest@19bb07ed]" started-at="2021-06-11T19:23:22Z" name="setUp" finished-at="2021-06-11T19:23:28Z" duration-ms="5164" status="PASS">
          <reporter-output>
          </reporter-output>
        </test-method> <!-- setUp -->
        <test-method signature="LessRangePhone()[pri:0, instance:CreateAccountTest@19bb07ed]" started-at="2021-06-11T19:23:28Z" name="LessRangePhone" finished-at="2021-06-11T19:23:32Z" duration-ms="4256" status="PASS">
          <reporter-output>
          </reporter-output>
        </test-method> <!-- LessRangePhone -->
        <test-method signature="invalidEmail()[pri:0, instance:CreateAccountTest@19bb07ed]" started-at="2021-06-11T19:23:32Z" name="invalidEmail" finished-at="2021-06-11T19:23:36Z" duration-ms="3767" status="PASS">
          <reporter-output>
          </reporter-output>
        </test-method> <!-- invalidEmail -->
        <test-method signature="invalidMessageEmailTest()[pri:0, instance:CreateAccountTest@19bb07ed]" started-at="2021-06-11T19:23:36Z" name="invalidMessageEmailTest" finished-at="2021-06-11T19:23:36Z" duration-ms="648" status="PASS">
          <reporter-output>
          </reporter-output>
        </test-method> <!-- invalidMessageEmailTest -->
        <test-method signature="invalidNoEqualsPasswords()[pri:0, instance:CreateAccountTest@19bb07ed]" started-at="2021-06-11T19:23:36Z" name="invalidNoEqualsPasswords" finished-at="2021-06-11T19:23:40Z" duration-ms="3396" status="PASS">
          <reporter-output>
          </reporter-output>
        </test-method> <!-- invalidNoEqualsPasswords -->
        <test-method signature="invalidPassword()[pri:0, instance:CreateAccountTest@19bb07ed]" started-at="2021-06-11T19:23:40Z" name="invalidPassword" finished-at="2021-06-11T19:23:43Z" duration-ms="3553" status="PASS">
          <reporter-output>
          </reporter-output>
        </test-method> <!-- invalidPassword -->
        <test-method signature="invalidPhone()[pri:0, instance:CreateAccountTest@19bb07ed]" started-at="2021-06-11T19:23:43Z" name="invalidPhone" finished-at="2021-06-11T19:23:47Z" duration-ms="3720" status="PASS">
          <reporter-output>
          </reporter-output>
        </test-method> <!-- invalidPhone -->
        <test-method signature="majorRangePhone()[pri:0, instance:CreateAccountTest@19bb07ed]" started-at="2021-06-11T19:23:47Z" name="majorRangePhone" finished-at="2021-06-11T19:23:51Z" duration-ms="3834" status="PASS">
          <reporter-output>
          </reporter-output>
        </test-method> <!-- majorRangePhone -->
        <test-method signature="validEmptyFirstNameTest()[pri:0, instance:CreateAccountTest@19bb07ed]" started-at="2021-06-11T19:23:51Z" name="validEmptyFirstNameTest" finished-at="2021-06-11T19:23:55Z" duration-ms="3867" status="PASS">
          <reporter-output>
          </reporter-output>
        </test-method> <!-- validEmptyFirstNameTest -->
        <test-method signature="validEmptyLastNameTest()[pri:0, instance:CreateAccountTest@19bb07ed]" started-at="2021-06-11T19:23:55Z" name="validEmptyLastNameTest" finished-at="2021-06-11T19:23:59Z" duration-ms="3913" status="PASS">
          <reporter-output>
          </reporter-output>
        </test-method> <!-- validEmptyLastNameTest -->
        <test-method signature="validEmptyOptions()[pri:0, instance:CreateAccountTest@19bb07ed]" started-at="2021-06-11T19:23:59Z" name="validEmptyOptions" finished-at="2021-06-11T19:24:02Z" duration-ms="3822" status="PASS">
          <reporter-output>
          </reporter-output>
        </test-method> <!-- validEmptyOptions -->
        <test-method signature="validEmptySelected()[pri:0, instance:CreateAccountTest@19bb07ed]" started-at="2021-06-11T19:24:02Z" name="validEmptySelected" finished-at="2021-06-11T19:24:07Z" duration-ms="4193" status="PASS">
          <reporter-output>
          </reporter-output>
        </test-method> <!-- validEmptySelected -->
        <test-method signature="validRegistrationTest()[pri:0, instance:CreateAccountTest@19bb07ed]" started-at="2021-06-11T19:24:07Z" name="validRegistrationTest" finished-at="2021-06-11T19:24:11Z" duration-ms="4119" status="PASS">
          <reporter-output>
          </reporter-output>
        </test-method> <!-- validRegistrationTest -->
        <test-method signature="validSelectMultipleTest()[pri:0, instance:CreateAccountTest@19bb07ed]" started-at="2021-06-11T19:24:11Z" name="validSelectMultipleTest" finished-at="2021-06-11T19:24:16Z" duration-ms="5347" status="PASS">
          <reporter-output>
          </reporter-output>
        </test-method> <!-- validSelectMultipleTest -->
        <test-method is-config="true" signature="closeSite()[pri:0, instance:CreateAccountTest@19bb07ed]" started-at="2021-06-11T19:24:16Z" name="closeSite" finished-at="2021-06-11T19:24:16Z" duration-ms="0" status="PASS">
          <reporter-output>
          </reporter-output>
        </test-method> <!-- closeSite -->
      </class> <!-- CreateAccountTest -->
    </test> <!-- C:/Users/R/Documents/IdeaProjects/PracticeObjectModel -->
  </suite> <!-- All Test Suite -->
</testng-results>
