<?xml version="1.0" encoding="UTF-8"?>
<testng-results ignored="0" total="2" passed="2" failed="0" skipped="0">
  <reporter-output>
  </reporter-output>
  <suite started-at="2021-06-11T12:58:06Z" name="All Test Suite" finished-at="2021-06-11T12:58:19Z" duration-ms="13186">
    <groups>
    </groups>
    <test started-at="2021-06-11T12:58:06Z" name="C:/Users/R/Documents/IdeaProjects/SeleniumPageObjectModel" finished-at="2021-06-11T12:58:19Z" duration-ms="13186">
      <class name="CreateAccountTest">
        <test-method is-config="true" signature="setUp()[pri:0, instance:CreateAccountTest@470f1802]" started-at="2021-06-11T12:58:06Z" name="setUp" finished-at="2021-06-11T12:58:10Z" duration-ms="4203" status="PASS">
          <reporter-output>
          </reporter-output>
        </test-method> <!-- setUp -->
        <test-method is-config="true" signature="setUp()[pri:0, instance:LoginPageTest@63021689]" started-at="2021-06-11T12:58:10Z" name="setUp" finished-at="2021-06-11T12:58:14Z" duration-ms="3645" status="PASS">
          <reporter-output>
          </reporter-output>
        </test-method> <!-- setUp -->
        <test-method signature="test()[pri:0, instance:CreateAccountTest@470f1802]" started-at="2021-06-11T12:58:14Z" name="test" finished-at="2021-06-11T12:58:18Z" duration-ms="3992" status="PASS">
          <reporter-output>
          </reporter-output>
        </test-method> <!-- test -->
        <test-method is-config="true" signature="closeSite()[pri:0, instance:LoginPageTest@63021689]" started-at="2021-06-11T12:58:19Z" name="closeSite" finished-at="2021-06-11T12:58:19Z" duration-ms="1" status="PASS">
          <reporter-output>
          </reporter-output>
        </test-method> <!-- closeSite -->
        <test-method is-config="true" signature="closeSite()[pri:0, instance:CreateAccountTest@470f1802]" started-at="2021-06-11T12:58:19Z" name="closeSite" finished-at="2021-06-11T12:58:19Z" duration-ms="0" status="PASS">
          <reporter-output>
          </reporter-output>
        </test-method> <!-- closeSite -->
      </class> <!-- CreateAccountTest -->
      <class name="LoginPageTest">
        <test-method signature="test()[pri:0, instance:LoginPageTest@63021689]" started-at="2021-06-11T12:58:18Z" name="test" finished-at="2021-06-11T12:58:19Z" duration-ms="1319" status="PASS">
          <reporter-output>
          </reporter-output>
        </test-method> <!-- test -->
      </class> <!-- LoginPageTest -->
    </test> <!-- C:/Users/R/Documents/IdeaProjects/SeleniumPageObjectModel -->
  </suite> <!-- All Test Suite -->
</testng-results>
