<?xml version="1.0" encoding="UTF-8"?>
<testng-results ignored="0" total="17" passed="16" failed="1" skipped="0">
  <reporter-output>
  </reporter-output>
  <suite started-at="2021-06-16T15:35:59Z" name="All Test Suite" finished-at="2021-06-16T15:37:19Z" duration-ms="80006">
    <groups>
    </groups>
    <test started-at="2021-06-16T15:35:59Z" name="C:/Users/R/Documents/IdeaProjects/POM&amp;PageFactory - Register" finished-at="2021-06-16T15:37:19Z" duration-ms="80006">
      <class name="RegisterPageTest">
        <test-method is-config="true" signature="setUp()[pri:0, instance:RegisterPageTest@353d0772]" started-at="2021-06-16T15:35:59Z" name="setUp" finished-at="2021-06-16T15:36:01Z" duration-ms="2406" status="PASS">
          <reporter-output>
          </reporter-output>
        </test-method> <!-- setUp -->
        <test-method signature="LessRangePhone()[pri:0, instance:RegisterPageTest@353d0772]" started-at="2021-06-16T15:36:01Z" name="LessRangePhone" finished-at="2021-06-16T15:36:09Z" duration-ms="7087" status="PASS">
          <reporter-output>
          </reporter-output>
        </test-method> <!-- LessRangePhone -->
        <test-method signature="MajorRangePhone()[pri:0, instance:RegisterPageTest@353d0772]" started-at="2021-06-16T15:36:09Z" name="MajorRangePhone" finished-at="2021-06-16T15:36:14Z" duration-ms="5665" status="PASS">
          <reporter-output>
          </reporter-output>
        </test-method> <!-- MajorRangePhone -->
        <test-method signature="fileTest()[pri:0, instance:RegisterPageTest@353d0772]" started-at="2021-06-16T15:36:14Z" name="fileTest" finished-at="2021-06-16T15:36:20Z" duration-ms="5559" status="FAIL">
          <exception class="org.openqa.selenium.InvalidArgumentException">
            <message>
              <![CDATA[invalid argument: File not found : C:\Users\R\Downloads\01.GIT_jala.pptx
  (Session info: chrome=91.0.4472.106)
Build info: version: '3.141.59', revision: 'e82be7d358', time: '2018-11-14T08:25:53'
System info: host: 'DESKTOP-J8IPJOP', ip: '192.168.159.1', os.name: 'Windows 10', os.arch: 'amd64', os.version: '10.0', java.version: '11.0.10'
Driver info: org.openqa.selenium.chrome.ChromeDriver
Capabilities {acceptInsecureCerts: false, browserName: chrome, browserVersion: 91.0.4472.106, chrome: {chromedriverVersion: 90.0.4430.24 (4c6d850f087da..., userDataDir: C:\Users\R\AppData\Local\Te...}, goog:chromeOptions: {debuggerAddress: localhost:55149}, javascriptEnabled: true, networkConnectionEnabled: false, pageLoadStrategy: normal, platform: WINDOWS, platformName: WINDOWS, proxy: Proxy(), setWindowRect: true, strictFileInteractability: false, timeouts: {implicit: 0, pageLoad: 300000, script: 30000}, unhandledPromptBehavior: dismiss and notify, webauthn:extension:largeBlob: true, webauthn:virtualAuthenticators: true}
Session ID: 7ef23a17eb3d3db7740922f867c2e977]]>
            </message>
            <full-stacktrace>
              <![CDATA[org.openqa.selenium.InvalidArgumentException: invalid argument: File not found : C:\Users\R\Downloads\01.GIT_jala.pptx
  (Session info: chrome=91.0.4472.106)
Build info: version: '3.141.59', revision: 'e82be7d358', time: '2018-11-14T08:25:53'
System info: host: 'DESKTOP-J8IPJOP', ip: '192.168.159.1', os.name: 'Windows 10', os.arch: 'amd64', os.version: '10.0', java.version: '11.0.10'
Driver info: org.openqa.selenium.chrome.ChromeDriver
Capabilities {acceptInsecureCerts: false, browserName: chrome, browserVersion: 91.0.4472.106, chrome: {chromedriverVersion: 90.0.4430.24 (4c6d850f087da..., userDataDir: C:\Users\R\AppData\Local\Te...}, goog:chromeOptions: {debuggerAddress: localhost:55149}, javascriptEnabled: true, networkConnectionEnabled: false, pageLoadStrategy: normal, platform: WINDOWS, platformName: WINDOWS, proxy: Proxy(), setWindowRect: true, strictFileInteractability: false, timeouts: {implicit: 0, pageLoad: 300000, script: 30000}, unhandledPromptBehavior: dismiss and notify, webauthn:extension:largeBlob: true, webauthn:virtualAuthenticators: true}
Session ID: 7ef23a17eb3d3db7740922f867c2e977
at java.base/jdk.internal.reflect.NativeConstructorAccessorImpl.newInstance0(Native Method)
at java.base/jdk.internal.reflect.NativeConstructorAccessorImpl.newInstance(NativeConstructorAccessorImpl.java:62)
at java.base/jdk.internal.reflect.DelegatingConstructorAccessorImpl.newInstance(DelegatingConstructorAccessorImpl.java:45)
at java.base/java.lang.reflect.Constructor.newInstance(Constructor.java:490)
at org.openqa.selenium.remote.http.W3CHttpResponseCodec.createException(W3CHttpResponseCodec.java:187)
at org.openqa.selenium.remote.http.W3CHttpResponseCodec.decode(W3CHttpResponseCodec.java:122)
at org.openqa.selenium.remote.http.W3CHttpResponseCodec.decode(W3CHttpResponseCodec.java:49)
at org.openqa.selenium.remote.HttpCommandExecutor.execute(HttpCommandExecutor.java:158)
at org.openqa.selenium.remote.service.DriverCommandExecutor.execute(DriverCommandExecutor.java:83)
at org.openqa.selenium.remote.RemoteWebDriver.execute(RemoteWebDriver.java:552)
at org.openqa.selenium.remote.RemoteWebElement.execute(RemoteWebElement.java:285)
at org.openqa.selenium.remote.RemoteWebElement.sendKeys(RemoteWebElement.java:106)
at jdk.internal.reflect.GeneratedMethodAccessor1.invoke(Unknown Source)
at java.base/jdk.internal.reflect.DelegatingMethodAccessorImpl.invoke(DelegatingMethodAccessorImpl.java:43)
at java.base/java.lang.reflect.Method.invoke(Method.java:566)
at org.openqa.selenium.support.pagefactory.internal.LocatingElementHandler.invoke(LocatingElementHandler.java:51)
at com.sun.proxy.$Proxy11.sendKeys(Unknown Source)
at CreateAccountPage.createAccount(CreateAccountPage.java:132)
at RegisterPageTest.fileTest(RegisterPageTest.java:380)
at java.base/jdk.internal.reflect.NativeMethodAccessorImpl.invoke0(Native Method)
at java.base/jdk.internal.reflect.NativeMethodAccessorImpl.invoke(NativeMethodAccessorImpl.java:62)
at java.base/jdk.internal.reflect.DelegatingMethodAccessorImpl.invoke(DelegatingMethodAccessorImpl.java:43)
at java.base/java.lang.reflect.Method.invoke(Method.java:566)
at org.testng.internal.MethodInvocationHelper.invokeMethod(MethodInvocationHelper.java:124)
at org.testng.internal.Invoker.invokeMethod(Invoker.java:583)
at org.testng.internal.Invoker.invokeTestMethod(Invoker.java:719)
at org.testng.internal.Invoker.invokeTestMethods(Invoker.java:989)
at org.testng.internal.TestMethodWorker.invokeTestMethods(TestMethodWorker.java:125)
at org.testng.internal.TestMethodWorker.run(TestMethodWorker.java:109)
at org.testng.TestRunner.privateRun(TestRunner.java:648)
at org.testng.TestRunner.run(TestRunner.java:505)
at org.testng.SuiteRunner.runTest(SuiteRunner.java:455)
at org.testng.SuiteRunner.runSequentially(SuiteRunner.java:450)
at org.testng.SuiteRunner.privateRun(SuiteRunner.java:415)
at org.testng.SuiteRunner.run(SuiteRunner.java:364)
at org.testng.SuiteRunnerWorker.runSuite(SuiteRunnerWorker.java:52)
at org.testng.SuiteRunnerWorker.run(SuiteRunnerWorker.java:84)
at org.testng.TestNG.runSuitesSequentially(TestNG.java:1208)
at org.testng.TestNG.runSuitesLocally(TestNG.java:1137)
at org.testng.TestNG.runSuites(TestNG.java:1049)
at org.testng.TestNG.run(TestNG.java:1017)
at com.intellij.rt.testng.IDEARemoteTestNG.run(IDEARemoteTestNG.java:66)
at com.intellij.rt.testng.RemoteTestNGStarter.main(RemoteTestNGStarter.java:109)
]]>
            </full-stacktrace>
          </exception> <!-- org.openqa.selenium.InvalidArgumentException -->
          <reporter-output>
          </reporter-output>
        </test-method> <!-- fileTest -->
        <test-method signature="invalidEmail()[pri:0, instance:RegisterPageTest@353d0772]" started-at="2021-06-16T15:36:20Z" name="invalidEmail" finished-at="2021-06-16T15:36:24Z" duration-ms="4386" status="PASS">
          <reporter-output>
          </reporter-output>
        </test-method> <!-- invalidEmail -->
        <test-method signature="invalidMessageEmailTest()[pri:0, instance:RegisterPageTest@353d0772]" started-at="2021-06-16T15:36:24Z" name="invalidMessageEmailTest" finished-at="2021-06-16T15:36:27Z" duration-ms="2832" status="PASS">
          <reporter-output>
          </reporter-output>
        </test-method> <!-- invalidMessageEmailTest -->
        <test-method signature="invalidNoEqualsPasswords()[pri:0, instance:RegisterPageTest@353d0772]" started-at="2021-06-16T15:36:27Z" name="invalidNoEqualsPasswords" finished-at="2021-06-16T15:36:31Z" duration-ms="4202" status="PASS">
          <reporter-output>
          </reporter-output>
        </test-method> <!-- invalidNoEqualsPasswords -->
        <test-method signature="invalidPassword()[pri:0, instance:RegisterPageTest@353d0772]" started-at="2021-06-16T15:36:31Z" name="invalidPassword" finished-at="2021-06-16T15:36:36Z" duration-ms="4310" status="PASS">
          <reporter-output>
          </reporter-output>
        </test-method> <!-- invalidPassword -->
        <test-method signature="invalidPhone()[pri:0, instance:RegisterPageTest@353d0772]" started-at="2021-06-16T15:36:36Z" name="invalidPhone" finished-at="2021-06-16T15:36:40Z" duration-ms="3978" status="PASS">
          <reporter-output>
          </reporter-output>
        </test-method> <!-- invalidPhone -->
        <test-method signature="registerValidTest()[pri:0, instance:RegisterPageTest@353d0772]" started-at="2021-06-16T15:36:40Z" name="registerValidTest" finished-at="2021-06-16T15:36:44Z" duration-ms="4172" status="PASS">
          <reporter-output>
          </reporter-output>
        </test-method> <!-- registerValidTest -->
        <test-method signature="validEmptyDay()[pri:0, instance:RegisterPageTest@353d0772]" started-at="2021-06-16T15:36:44Z" name="validEmptyDay" finished-at="2021-06-16T15:36:48Z" duration-ms="4598" status="PASS">
          <reporter-output>
          </reporter-output>
        </test-method> <!-- validEmptyDay -->
        <test-method signature="validEmptyFirstNameTest()[pri:0, instance:RegisterPageTest@353d0772]" started-at="2021-06-16T15:36:48Z" name="validEmptyFirstNameTest" finished-at="2021-06-16T15:36:53Z" duration-ms="4577" status="PASS">
          <reporter-output>
          </reporter-output>
        </test-method> <!-- validEmptyFirstNameTest -->
        <test-method signature="validEmptyLastNameTest()[pri:0, instance:RegisterPageTest@353d0772]" started-at="2021-06-16T15:36:53Z" name="validEmptyLastNameTest" finished-at="2021-06-16T15:36:57Z" duration-ms="4454" status="PASS">
          <reporter-output>
          </reporter-output>
        </test-method> <!-- validEmptyLastNameTest -->
        <test-method signature="validEmptyMonth()[pri:0, instance:RegisterPageTest@353d0772]" started-at="2021-06-16T15:36:57Z" name="validEmptyMonth" finished-at="2021-06-16T15:37:02Z" duration-ms="4277" status="PASS">
          <reporter-output>
          </reporter-output>
        </test-method> <!-- validEmptyMonth -->
        <test-method signature="validEmptyOptionsGender()[pri:0, instance:RegisterPageTest@353d0772]" started-at="2021-06-16T15:37:02Z" name="validEmptyOptionsGender" finished-at="2021-06-16T15:37:06Z" duration-ms="4110" status="PASS">
          <reporter-output>
          </reporter-output>
        </test-method> <!-- validEmptyOptionsGender -->
        <test-method signature="validEmptySelectedCountry()[pri:0, instance:RegisterPageTest@353d0772]" started-at="2021-06-16T15:37:06Z" name="validEmptySelectedCountry" finished-at="2021-06-16T15:37:10Z" duration-ms="4411" status="PASS">
          <reporter-output>
          </reporter-output>
        </test-method> <!-- validEmptySelectedCountry -->
        <test-method signature="validEmptyYear()[pri:0, instance:RegisterPageTest@353d0772]" started-at="2021-06-16T15:37:10Z" name="validEmptyYear" finished-at="2021-06-16T15:37:14Z" duration-ms="4114" status="PASS">
          <reporter-output>
          </reporter-output>
        </test-method> <!-- validEmptyYear -->
        <test-method signature="validSelectMultipleTest()[pri:0, instance:RegisterPageTest@353d0772]" started-at="2021-06-16T15:37:14Z" name="validSelectMultipleTest" finished-at="2021-06-16T15:37:19Z" duration-ms="4807" status="PASS">
          <reporter-output>
          </reporter-output>
        </test-method> <!-- validSelectMultipleTest -->
        <test-method is-config="true" signature="closeSite()[pri:0, instance:RegisterPageTest@353d0772]" started-at="2021-06-16T15:37:19Z" name="closeSite" finished-at="2021-06-16T15:37:19Z" duration-ms="0" status="PASS">
          <reporter-output>
          </reporter-output>
        </test-method> <!-- closeSite -->
      </class> <!-- RegisterPageTest -->
    </test> <!-- C:/Users/R/Documents/IdeaProjects/POM&PageFactory - Register -->
  </suite> <!-- All Test Suite -->
</testng-results>
